<?xml version="1.0" encoding="UTF-8"?>
<!-- Generated by org.testng.reporters.JUnitReportReporter -->
<testsuite skipped="0" hostname="DESKTOP-MGGQNUS" name="com.learn.NewTest" tests="2" failures="0" timestamp="2020-05-28T16:30:59 IST" time="0.008" errors="0">
  <testcase name="f" time="0.000" classname="com.learn.NewTest"/>
  <system-out/>
  <testcase name="f" time="0.008" classname="com.learn.NewTest"/>
  <system-out/>
</testsuite> <!-- com.learn.NewTest -->
