<?xml version="1.0" encoding="UTF-8"?>
<!-- Generated by org.testng.reporters.JUnitReportReporter -->
<testsuite skipped="0" hostname="DESKTOP-MGGQNUS" name="com.learn.FlipKartTestCase" tests="1" failures="0" timestamp="2020-09-03T16:24:38 IST" time="51.607" errors="0">
  <testcase name="testcase" time="51.607" classname="com.learn.FlipKartTestCase"/>
  <system-out/>
</testsuite> <!-- com.learn.FlipKartTestCase -->
